c:\users\asus\desktop\opencv_project\trafficlightdetection_sourcecode_cplusplus-master\lightdetection_haarcascade\lightdetection_haarcascade\x64\debug\vc140.pdb
c:\users\asus\desktop\opencv_project\trafficlightdetection_sourcecode_cplusplus-master\lightdetection_haarcascade\lightdetection_haarcascade\x64\debug\vc140.idb
c:\users\asus\desktop\opencv_project\trafficlightdetection_sourcecode_cplusplus-master\lightdetection_haarcascade\lightdetection_haarcascade\x64\debug\lightcolor.obj
c:\users\asus\desktop\opencv_project\trafficlightdetection_sourcecode_cplusplus-master\lightdetection_haarcascade\lightdetection_haarcascade\x64\debug\sourcehaar.obj
c:\users\asus\desktop\opencv_project\trafficlightdetection_sourcecode_cplusplus-master\lightdetection_haarcascade\lightdetection_haarcascade\x64\debug\sourcehaarimage.obj
c:\users\asus\desktop\opencv_project\trafficlightdetection_sourcecode_cplusplus-master\lightdetection_haarcascade\lightdetection_haarcascade\x64\debug\sourcehaarrealtime.obj
c:\users\asus\desktop\opencv_project\trafficlightdetection_sourcecode_cplusplus-master\lightdetection_haarcascade\x64\debug\lightdetection_haarcascade.pdb
c:\users\asus\desktop\opencv_project\trafficlightdetection_sourcecode_cplusplus-master\lightdetection_haarcascade\lightdetection_haarcascade\x64\debug\lightdet.1a2f5d82.tlog\cl.command.1.tlog
c:\users\asus\desktop\opencv_project\trafficlightdetection_sourcecode_cplusplus-master\lightdetection_haarcascade\lightdetection_haarcascade\x64\debug\lightdet.1a2f5d82.tlog\cl.read.1.tlog
c:\users\asus\desktop\opencv_project\trafficlightdetection_sourcecode_cplusplus-master\lightdetection_haarcascade\lightdetection_haarcascade\x64\debug\lightdet.1a2f5d82.tlog\cl.write.1.tlog
c:\users\asus\desktop\opencv_project\trafficlightdetection_sourcecode_cplusplus-master\lightdetection_haarcascade\lightdetection_haarcascade\x64\debug\lightdet.1a2f5d82.tlog\link-cvtres.read.1.tlog
c:\users\asus\desktop\opencv_project\trafficlightdetection_sourcecode_cplusplus-master\lightdetection_haarcascade\lightdetection_haarcascade\x64\debug\lightdet.1a2f5d82.tlog\link-cvtres.write.1.tlog
c:\users\asus\desktop\opencv_project\trafficlightdetection_sourcecode_cplusplus-master\lightdetection_haarcascade\lightdetection_haarcascade\x64\debug\lightdet.1a2f5d82.tlog\link-rc.read.1.tlog
c:\users\asus\desktop\opencv_project\trafficlightdetection_sourcecode_cplusplus-master\lightdetection_haarcascade\lightdetection_haarcascade\x64\debug\lightdet.1a2f5d82.tlog\link-rc.write.1.tlog
c:\users\asus\desktop\opencv_project\trafficlightdetection_sourcecode_cplusplus-master\lightdetection_haarcascade\lightdetection_haarcascade\x64\debug\lightdet.1a2f5d82.tlog\link.3472-cvtres.read.1.tlog
c:\users\asus\desktop\opencv_project\trafficlightdetection_sourcecode_cplusplus-master\lightdetection_haarcascade\lightdetection_haarcascade\x64\debug\lightdet.1a2f5d82.tlog\link.3472-cvtres.write.1.tlog
c:\users\asus\desktop\opencv_project\trafficlightdetection_sourcecode_cplusplus-master\lightdetection_haarcascade\lightdetection_haarcascade\x64\debug\lightdet.1a2f5d82.tlog\link.3472-rc.read.1.tlog
c:\users\asus\desktop\opencv_project\trafficlightdetection_sourcecode_cplusplus-master\lightdetection_haarcascade\lightdetection_haarcascade\x64\debug\lightdet.1a2f5d82.tlog\link.3472-rc.write.1.tlog
c:\users\asus\desktop\opencv_project\trafficlightdetection_sourcecode_cplusplus-master\lightdetection_haarcascade\lightdetection_haarcascade\x64\debug\lightdet.1a2f5d82.tlog\link.3472.read.1.tlog
c:\users\asus\desktop\opencv_project\trafficlightdetection_sourcecode_cplusplus-master\lightdetection_haarcascade\lightdetection_haarcascade\x64\debug\lightdet.1a2f5d82.tlog\link.3472.write.1.tlog
c:\users\asus\desktop\opencv_project\trafficlightdetection_sourcecode_cplusplus-master\lightdetection_haarcascade\lightdetection_haarcascade\x64\debug\lightdet.1a2f5d82.tlog\link.command.1.tlog
c:\users\asus\desktop\opencv_project\trafficlightdetection_sourcecode_cplusplus-master\lightdetection_haarcascade\lightdetection_haarcascade\x64\debug\lightdet.1a2f5d82.tlog\link.read.1.tlog
c:\users\asus\desktop\opencv_project\trafficlightdetection_sourcecode_cplusplus-master\lightdetection_haarcascade\lightdetection_haarcascade\x64\debug\lightdet.1a2f5d82.tlog\link.write.1.tlog
